 Total Nb of available Diagnostics: ndiagt=   239
------------------------------------------------------------------------------------
  Num  |<-Name->|Levs|  mate |<- code ->|<--  Units   -->|<- Tile (max=80c)         
------------------------------------------------------------------------------------
     1 |SDIAG1  |  1 |       |SM      L1|user-defined    |User-Defined   Surface   Diagnostic  #1
     2 |SDIAG2  |  1 |       |SM      L1|user-defined    |User-Defined   Surface   Diagnostic  #2
     3 |SDIAG3  |  1 |       |SM      L1|user-defined    |User-Defined   Surface   Diagnostic  #3
     4 |SDIAG4  |  1 |       |SM      L1|user-defined    |User-Defined   Surface   Diagnostic  #4
     5 |SDIAG5  |  1 |       |SM      L1|user-defined    |User-Defined   Surface   Diagnostic  #5
     6 |SDIAG6  |  1 |       |SM      L1|user-defined    |User-Defined   Surface   Diagnostic  #6
     7 |SDIAG7  |  1 |       |SU      L1|user-defined    |User-Defined U.pt Surface Diagnostic #7
     8 |SDIAG8  |  1 |       |SV      L1|user-defined    |User-Defined V.pt Surface Diagnostic #8
     9 |SDIAG9  |  1 |    10 |UU      L1|user-defined    |User-Defined U.vector Surface Diag.  #9
    10 |SDIAG10 |  1 |     9 |VV      L1|user-defined    |User-Defined V.vector Surface Diag. #10
    11 |UDIAG1  | 45 |       |SM      MR|user-defined    |User-Defined Model-Level Diagnostic  #1
    12 |UDIAG2  | 45 |       |SM      MR|user-defined    |User-Defined Model-Level Diagnostic  #2
    13 |UDIAG3  | 45 |       |SMR     MR|user-defined    |User-Defined Model-Level Diagnostic  #3
    14 |UDIAG4  | 45 |       |SMR     MR|user-defined    |User-Defined Model-Level Diagnostic  #4
    15 |UDIAG5  | 45 |       |SU      MR|user-defined    |User-Defined U.pt Model-Level Diag.  #5
    16 |UDIAG6  | 45 |       |SV      MR|user-defined    |User-Defined V.pt Model-Level Diag.  #6
    17 |UDIAG7  | 45 |    18 |UUR     MR|user-defined    |User-Defined U.vector Model-Lev Diag.#7
    18 |UDIAG8  | 45 |    17 |VVR     MR|user-defined    |User-Defined V.vector Model-Lev Diag.#8
    19 |UDIAG9  | 45 |       |SM      ML|user-defined    |User-Defined Phys-Level  Diagnostic  #9
    20 |UDIAG10 | 45 |       |SM      ML|user-defined    |User-Defined Phys-Level  Diagnostic #10
    21 |SDIAGC  |  1 |    22 |SM  C   L1|user-defined    |User-Defined Counted Surface Diagnostic
    22 |SDIAGCC |  1 |       |SM      L1|count           |User-Defined Surface Diagnostic Counter
    23 |ETAN    |  1 |       |SM      M1|m               |Surface Height Anomaly
    24 |ETANSQ  |  1 |       |SM P    M1|m^2             |Square of Surface Height Anomaly
    25 |DETADT2 |  1 |       |SM      M1|m^2/s^2         |Square of Surface Height Anomaly Tendency
    26 |THETA   | 45 |       |SMR     MR|degC            |Potential Temperature
    27 |SALT    | 45 |       |SMR     MR|psu             |Salinity
    28 |RELHUM  | 45 |       |SMR     MR|percent         |Relative Humidity
    29 |SALTanom| 45 |       |SMR     MR|psu             |Salt anomaly (=SALT-35; g/kg)
    30 |UVEL    | 45 |    31 |UUR     MR|m/s             |Zonal Component of Velocity (m/s)
    31 |VVEL    | 45 |    30 |VVR     MR|m/s             |Meridional Component of Velocity (m/s)
    32 |WVEL    | 45 |       |WM      LR|m/s             |Vertical Component of Velocity (r_units/s)
    33 |THETASQ | 45 |       |SMRP    MR|degC^2          |Square of Potential Temperature
    34 |SALTSQ  | 45 |       |SMRP    MR|(psu)^2         |Square of Salinity
    35 |SALTSQan| 45 |       |SMRP    MR|(psu)^2         |Square of Salt anomaly (=(SALT-35)^2 (g^2/kg^2)
    36 |UVELSQ  | 45 |    37 |UURP    MR|m^2/s^2         |Square of Zonal Comp of Velocity (m^2/s^2)
    37 |VVELSQ  | 45 |    36 |VVRP    MR|m^2/s^2         |Square of Meridional Comp of Velocity (m^2/s^2)
    38 |WVELSQ  | 45 |       |WM P    LR|m^2/s^2         |Square of Vertical Comp of Velocity
    39 |UE_VEL_C| 45 |    40 |UMR     MR|m/s             |Eastward Velocity (m/s) (cell center)
    40 |VN_VEL_C| 45 |    39 |VMR     MR|m/s             |Northward Velocity (m/s) (cell center)
    41 |UV_VEL_C| 45 |    41 |UMR     MR|m^2/s^2         |Product of horizontal Comp of velocity (cell center)
    42 |UV_VEL_Z| 45 |    42 |UZR     MR|m^2/s^2         |Meridional Transport of Zonal Momentum (m^2/s^2)
    43 |WU_VEL  | 45 |       |WU      LR|m.m/s^2         |Vertical Transport of Zonal Momentum
    44 |WV_VEL  | 45 |       |WV      LR|m.m/s^2         |Vertical Transport of Meridional Momentum
    45 |UVELMASS| 45 |    46 |UUr     MR|m/s             |Zonal Mass-Weighted Comp of Velocity (m/s)
    46 |VVELMASS| 45 |    45 |VVr     MR|m/s             |Meridional Mass-Weighted Comp of Velocity (m/s)
    47 |WVELMASS| 45 |       |WM      LR|m/s             |Vertical Mass-Weighted Comp of Velocity
    48 |PhiVEL  | 45 |    45 |SMR P   MR|m^2/s           |Horizontal Velocity Potential (m^2/s)
    49 |PsiVEL  | 45 |    48 |SZ  P   MR|m.m^2/s         |Horizontal Velocity Stream-Function
    50 |UTHMASS | 45 |    51 |UUr     MR|degC.m/s        |Zonal Mass-Weight Transp of Pot Temp
    51 |VTHMASS | 45 |    50 |VVr     MR|degC.m/s        |Meridional Mass-Weight Transp of Pot Temp
    52 |WTHMASS | 45 |       |WM      LR|degC.m/s        |Vertical Mass-Weight Transp of Pot Temp (K.m/s)
    53 |USLTMASS| 45 |    54 |UUr     MR|psu.m/s         |Zonal Mass-Weight Transp of Salinity
    54 |VSLTMASS| 45 |    53 |VVr     MR|psu.m/s         |Meridional Mass-Weight Transp of Salinity
    55 |WSLTMASS| 45 |       |WM      LR|psu.m/s         |Vertical Mass-Weight Transp of Salinity
    56 |UVELTH  | 45 |    57 |UUR     MR|degC.m/s        |Zonal Transport of Pot Temp
    57 |VVELTH  | 45 |    56 |VVR     MR|degC.m/s        |Meridional Transport of Pot Temp
    58 |WVELTH  | 45 |       |WM      LR|degC.m/s        |Vertical Transport of Pot Temp
    59 |UVELSLT | 45 |    60 |UUR     MR|psu.m/s         |Zonal Transport of Salinity
    60 |VVELSLT | 45 |    59 |VVR     MR|psu.m/s         |Meridional Transport of Salinity
    61 |WVELSLT | 45 |       |WM      LR|psu.m/s         |Vertical Transport of Salinity
    62 |UVELPHI | 45 |    63 |UUr     MR|m^3/s^3         |Zonal Mass-Weight Transp of Pressure Pot.(p/rho) Anomaly
    63 |VVELPHI | 45 |    62 |VVr     MR|m^3/s^3         |Merid. Mass-Weight Transp of Pressure Pot.(p/rho) Anomaly
    64 |RHOAnoma| 45 |       |SMR     MR|kg/m^3          |Density Anomaly (=Rho-rhoConst)
    65 |RHOANOSQ| 45 |       |SMRP    MR|kg^2/m^6        |Square of Density Anomaly (=(Rho-rhoConst)^2)
    66 |URHOMASS| 45 |    67 |UUr     MR|kg/m^2/s        |Zonal Transport of Density
    67 |VRHOMASS| 45 |    66 |VVr     MR|kg/m^2/s        |Meridional Transport of Density
    68 |WRHOMASS| 45 |       |WM      LR|kg/m^2/s        |Vertical Transport of Density
    69 |WdRHO_P | 45 |       |WM      LR|kg/m^2/s        |Vertical velocity times delta^k(Rho)_at-const-P
    70 |WdRHOdP | 45 |       |WM      LR|kg/m^2/s        |Vertical velocity times delta^k(Rho)_at-const-T,S
    71 |PHIHYD  | 45 |       |SMR     MR|m^2/s^2         |Hydrostatic Pressure Pot.(p/rho) Anomaly
    72 |PHIHYDSQ| 45 |       |SMRP    MR|m^4/s^4         |Square of Hyd. Pressure Pot.(p/rho) Anomaly
    73 |PHIBOT  |  1 |       |SM      M1|m^2/s^2         |Bottom Pressure Pot.(p/rho) Anomaly
    74 |PHIBOTSQ|  1 |       |SM P    M1|m^4/s^4         |Square of Bottom Pressure Pot.(p/rho) Anomaly
    75 |PHI_SURF|  1 |       |SM      M1|m^2/s^2         |Surface Dynamical Pressure Pot.(p/rho)
    76 |PHIHYDcR| 45 |       |SMR     MR|m^2/s^2         |Hydrostatic Pressure Pot.(p/rho) Anomaly @ const r
    77 |MXLDEPTH|  1 |       |SM      M1|m               |Mixed-Layer Depth (>0)
    78 |DRHODR  | 45 |       |SM      LR|kg/m^4          |Stratification: d.Sigma/dr (kg/m3/r_unit)
    79 |CONVADJ | 45 |       |SMR     LR|fraction        |Convective Adjustment Index [0-1]
    80 |oceTAUX |  1 |    81 |UU      U1|N/m^2           |zonal surface wind stress, >0 increases uVel
    81 |oceTAUY |  1 |    80 |VV      U1|N/m^2           |meridional surf. wind stress, >0 increases vVel
    82 |atmPload|  1 |       |SM      U1|Pa              |Atmospheric pressure loading
    83 |sIceLoad|  1 |       |SM      U1|kg/m^2          |sea-ice loading (in Mass of ice+snow / area unit)
    84 |oceFWflx|  1 |       |SM      U1|kg/m^2/s        |net surface Fresh-Water flux into the ocean (+=down), >0 decreases salinity
    85 |oceSflux|  1 |       |SM      U1|g/m^2/s         |net surface Salt flux into the ocean (+=down), >0 increases salinity
    86 |oceQnet |  1 |       |SM      U1|W/m^2           |net surface heat flux into the ocean (+=down), >0 increases theta
    87 |oceQsw  |  1 |       |SM      U1|W/m^2           |net Short-Wave radiation (+=down), >0 increases theta
    88 |oceFreez|  1 |       |SM      U1|W/m^2           |heating from freezing of sea-water (allowFreezing=T)
    89 |TRELAX  |  1 |       |SM      U1|W/m^2           |surface temperature relaxation, >0 increases theta
    90 |SRELAX  |  1 |       |SM      U1|g/m^2/s         |surface salinity relaxation, >0 increases salt
    91 |surForcT|  1 |       |SM      U1|W/m^2           |model surface forcing for Temperature, >0 increases theta
    92 |surForcS|  1 |       |SM      U1|g/m^2/s         |model surface forcing for Salinity, >0 increases salinity
    93 |TFLUX   |  1 |       |SM      U1|W/m^2           |total heat flux (match heat-content variations), >0 increases theta
    94 |SFLUX   |  1 |       |SM      U1|g/m^2/s         |total salt flux (match salt-content variations), >0 increases salt
    95 |RCENTER | 45 |       |SM      MR|m               |Cell-Center Height
    96 |RSURF   |  1 |       |SM      M1|m               |Surface Height
    97 |TOTUTEND| 45 |    98 |UUR     MR|m/s/day         |Tendency of Zonal Component of Velocity
    98 |TOTVTEND| 45 |    97 |VVR     MR|m/s/day         |Tendency of Meridional Component of Velocity
    99 |TOTTTEND| 45 |       |SMR     MR|degC/day        |Tendency of Potential Temperature
------------------------------------------------------------------------------------
  Num  |<-Name->|Levs|  mate |<- code ->|<--  Units   -->|<- Tile (max=80c)         
------------------------------------------------------------------------------------
   100 |TOTSTEND| 45 |       |SMR     MR|psu/day         |Tendency of Salinity
   101 |MoistCor| 45 |       |SM      MR|W/m^2           |Heating correction due to moist thermodynamics
   102 |gT_Forc | 45 |       |SMR     MR|degC/s          |Potential Temp. forcing tendency
   103 |gS_Forc | 45 |       |SMR     MR|psu/s           |Salinity forcing tendency
   104 |AB_gT   | 45 |       |SMR     MR|degC/s          |Potential Temp. tendency from Adams-Bashforth
   105 |AB_gS   | 45 |       |SMR     MR|psu/s           |Salinity tendency from Adams-Bashforth
   106 |gTinAB  | 45 |       |SMR     MR|degC/s          |Potential Temp. tendency going in Adams-Bashforth
   107 |gSinAB  | 45 |       |SMR     MR|psu/s           |Salinity tendency going in Adams-Bashforth
   108 |AB_gU   | 45 |   109 |UUR     MR|m/s^2           |U momentum tendency from Adams-Bashforth
   109 |AB_gV   | 45 |   108 |VVR     MR|m/s^2           |V momentum tendency from Adams-Bashforth
   110 |TAUXEDDY| 45 |   111 |UU      LR|N/m^2           |Zonal Eddy Stress
   111 |TAUYEDDY| 45 |   110 |VV      LR|N/m^2           |Meridional Eddy Stress
   112 |U_EulerM| 45 |   113 |UUR     MR|m/s             |Zonal Eulerian-Mean Velocity (m/s)
   113 |V_EulerM| 45 |   112 |VVR     MR|m/s             |Meridional Eulerian-Mean Velocity (m/s)
   114 |ADVr_TH | 45 |       |WM      LR|degC.m^3/s      |Vertical   Advective Flux of Pot.Temperature
   115 |ADVx_TH | 45 |   116 |UU      MR|degC.m^3/s      |Zonal      Advective Flux of Pot.Temperature
   116 |ADVy_TH | 45 |   115 |VV      MR|degC.m^3/s      |Meridional Advective Flux of Pot.Temperature
   117 |DFrE_TH | 45 |       |WM      LR|degC.m^3/s      |Vertical Diffusive Flux of Pot.Temperature (Explicit part)
   118 |DFxE_TH | 45 |   119 |UU      MR|degC.m^3/s      |Zonal      Diffusive Flux of Pot.Temperature
   119 |DFyE_TH | 45 |   118 |VV      MR|degC.m^3/s      |Meridional Diffusive Flux of Pot.Temperature
   120 |DFrI_TH | 45 |       |WM      LR|degC.m^3/s      |Vertical Diffusive Flux of Pot.Temperature (Implicit part)
   121 |SM_x_TH | 45 |   122 |UM      MR|degC            |Pot.Temp.   1rst Order Moment Sx
   122 |SM_y_TH | 45 |   121 |VM      MR|degC            |Pot.Temp.   1rst Order Moment Sy
   123 |SM_z_TH | 45 |       |SM      MR|degC            |Pot.Temp.   1rst Order Moment Sz
   124 |SMxx_TH | 45 |   125 |UM      MR|degC            |Pot.Temp.   2nd Order Moment Sxx
   125 |SMyy_TH | 45 |   124 |VM      MR|degC            |Pot.Temp.   2nd Order Moment Syy
   126 |SMzz_TH | 45 |       |SM      MR|degC            |Pot.Temp.   2nd Order Moment Szz
   127 |SMxy_TH | 45 |       |SM      MR|degC            |Pot.Temp.   2nd Order Moment Sxy
   128 |SMxz_TH | 45 |   129 |UM      MR|degC            |Pot.Temp.   2nd Order Moment Sxz
   129 |SMyz_TH | 45 |   128 |VM      MR|degC            |Pot.Temp.   2nd Order Moment Syz
   130 |SM_v_TH | 45 |       |SM P    MR|(degC)^2        |Pot.Temp.   sub-grid variance
   131 |ADVr_SLT| 45 |       |WM      LR|psu.m^3/s       |Vertical   Advective Flux of Salinity
   132 |ADVx_SLT| 45 |   133 |UU      MR|psu.m^3/s       |Zonal      Advective Flux of Salinity
   133 |ADVy_SLT| 45 |   132 |VV      MR|psu.m^3/s       |Meridional Advective Flux of Salinity
   134 |DFrE_SLT| 45 |       |WM      LR|psu.m^3/s       |Vertical Diffusive Flux of Salinity    (Explicit part)
   135 |DFxE_SLT| 45 |   136 |UU      MR|psu.m^3/s       |Zonal      Diffusive Flux of Salinity
   136 |DFyE_SLT| 45 |   135 |VV      MR|psu.m^3/s       |Meridional Diffusive Flux of Salinity
   137 |DFrI_SLT| 45 |       |WM      LR|psu.m^3/s       |Vertical Diffusive Flux of Salinity    (Implicit part)
   138 |SALTFILL| 45 |       |SM      MR|psu.m^3/s       |Filling of Negative Values of Salinity
   139 |SM_x_SLT| 45 |   140 |UM      MR|psu             |Salinity    1rst Order Moment Sx
   140 |SM_y_SLT| 45 |   139 |VM      MR|psu             |Salinity    1rst Order Moment Sy
   141 |SM_z_SLT| 45 |       |SM      MR|psu             |Salinity    1rst Order Moment Sz
   142 |SMxx_SLT| 45 |   143 |UM      MR|psu             |Salinity    2nd Order Moment Sxx
   143 |SMyy_SLT| 45 |   142 |VM      MR|psu             |Salinity    2nd Order Moment Syy
   144 |SMzz_SLT| 45 |       |SM      MR|psu             |Salinity    2nd Order Moment Szz
   145 |SMxy_SLT| 45 |       |SM      MR|psu             |Salinity    2nd Order Moment Sxy
   146 |SMxz_SLT| 45 |   147 |UM      MR|psu             |Salinity    2nd Order Moment Sxz
   147 |SMyz_SLT| 45 |   146 |VM      MR|psu             |Salinity    2nd Order Moment Syz
   148 |SM_v_SLT| 45 |       |SM P    MR|(psu)^2         |Salinity    sub-grid variance
   149 |VISCAHZ | 45 |       |SZ      MR|m^2/s           |Harmonic Visc Coefficient (m2/s) (Zeta Pt)
   150 |VISCA4Z | 45 |       |SZ      MR|m^4/s           |Biharmonic Visc Coefficient (m4/s) (Zeta Pt)
   151 |VISCAHD | 45 |       |SM      MR|m^2/s           |Harmonic Viscosity Coefficient (m2/s) (Div Pt)
   152 |VISCA4D | 45 |       |SM      MR|m^4/s           |Biharmonic Viscosity Coefficient (m4/s) (Div Pt)
   153 |VISCAHW | 45 |       |WM      LR|m^2/s           |Harmonic Viscosity Coefficient (m2/s) (W Pt)
   154 |VISCA4W | 45 |       |WM      LR|m^4/s           |Biharmonic Viscosity Coefficient (m4/s) (W Pt)
   155 |VAHZMAX | 45 |       |SZ      MR|m^2/s           |CFL-MAX Harm Visc Coefficient (m2/s) (Zeta Pt)
   156 |VA4ZMAX | 45 |       |SZ      MR|m^4/s           |CFL-MAX Biharm Visc Coefficient (m4/s) (Zeta Pt)
   157 |VAHDMAX | 45 |       |SM      MR|m^2/s           |CFL-MAX Harm Visc Coefficient (m2/s) (Div Pt)
   158 |VA4DMAX | 45 |       |SM      MR|m^4/s           |CFL-MAX Biharm Visc Coefficient (m4/s) (Div Pt)
   159 |VAHZMIN | 45 |       |SZ      MR|m^2/s           |RE-MIN Harm Visc Coefficient (m2/s) (Zeta Pt)
   160 |VA4ZMIN | 45 |       |SZ      MR|m^4/s           |RE-MIN Biharm Visc Coefficient (m4/s) (Zeta Pt)
   161 |VAHDMIN | 45 |       |SM      MR|m^2/s           |RE-MIN Harm Visc Coefficient (m2/s) (Div Pt)
   162 |VA4DMIN | 45 |       |SM      MR|m^4/s           |RE-MIN Biharm Visc Coefficient (m4/s) (Div Pt)
   163 |VAHZLTH | 45 |       |SZ      MR|m^2/s           |Leith Harm Visc Coefficient (m2/s) (Zeta Pt)
   164 |VA4ZLTH | 45 |       |SZ      MR|m^4/s           |Leith Biharm Visc Coefficient (m4/s) (Zeta Pt)
   165 |VAHDLTH | 45 |       |SM      MR|m^2/s           |Leith Harm Visc Coefficient (m2/s) (Div Pt)
   166 |VA4DLTH | 45 |       |SM      MR|m^4/s           |Leith Biharm Visc Coefficient (m4/s) (Div Pt)
   167 |VAHZLTHD| 45 |       |SZ      MR|m^2/s           |LeithD Harm Visc Coefficient (m2/s) (Zeta Pt)
   168 |VA4ZLTHD| 45 |       |SZ      MR|m^4/s           |LeithD Biharm Visc Coefficient (m4/s) (Zeta Pt)
   169 |VAHDLTHD| 45 |       |SM      MR|m^2/s           |LeithD Harm Visc Coefficient (m2/s) (Div Pt)
   170 |VA4DLTHD| 45 |       |SM      MR|m^4/s           |LeithD Biharm Visc Coefficient (m4/s) (Div Pt)
   171 |VAHZSMAG| 45 |       |SZ      MR|m^2/s           |Smagorinsky Harm Visc Coefficient (m2/s) (Zeta Pt)
   172 |VA4ZSMAG| 45 |       |SZ      MR|m^4/s           |Smagorinsky Biharm Visc Coeff. (m4/s) (Zeta Pt)
   173 |VAHDSMAG| 45 |       |SM      MR|m^2/s           |Smagorinsky Harm Visc Coefficient (m2/s) (Div Pt)
   174 |VA4DSMAG| 45 |       |SM      MR|m^4/s           |Smagorinsky Biharm Visc Coeff. (m4/s) (Div Pt)
   175 |momKE   | 45 |       |SMR     MR|m^2/s^2         |Kinetic Energy (in momentum Eq.)
   176 |momHDiv | 45 |       |SMR     MR|s^-1            |Horizontal Divergence (in momentum Eq.)
   177 |momVort3| 45 |       |SZR     MR|s^-1            |3rd component (vertical) of Vorticity
   178 |Strain  | 45 |       |SZR     MR|s^-1            |Horizontal Strain of Horizontal Velocities
   179 |Tension | 45 |       |SMR     MR|s^-1            |Horizontal Tension of Horizontal Velocities
   180 |Stretch | 45 |       |SM      MR|s^-1            |Vortex stretching from QG Leith dynamic viscosity
   181 |USidDrag| 45 |   182 |UUR     MR|m/s^2           |U momentum tendency from Side Drag
   182 |VSidDrag| 45 |   181 |VVR     MR|m/s^2           |V momentum tendency from Side Drag
   183 |Um_Diss | 45 |   184 |UUR     MR|m/s^2           |U momentum tendency from Dissipation (Explicit part)
   184 |Vm_Diss | 45 |   183 |VVR     MR|m/s^2           |V momentum tendency from Dissipation (Explicit part)
   185 |Um_ImplD| 45 |   186 |UUR     MR|m/s^2           |U momentum tendency from Dissipation (Implicit part)
   186 |Vm_ImplD| 45 |   185 |VVR     MR|m/s^2           |V momentum tendency from Dissipation (Implicit part)
   187 |Um_Advec| 45 |   188 |UUR     MR|m/s^2           |U momentum tendency from Advection terms
   188 |Vm_Advec| 45 |   187 |VVR     MR|m/s^2           |V momentum tendency from Advection terms
   189 |Um_Cori | 45 |   190 |UUR     MR|m/s^2           |U momentum tendency from Coriolis term
   190 |Vm_Cori | 45 |   189 |VVR     MR|m/s^2           |V momentum tendency from Coriolis term
   191 |Um_dPhiX| 45 |   192 |UUR     MR|m/s^2           |U momentum tendency from Pressure/Potential grad
   192 |Vm_dPhiY| 45 |   191 |VVR     MR|m/s^2           |V momentum tendency from Pressure/Potential grad
   193 |Um_Ext  | 45 |   194 |UUR     MR|m/s^2           |U momentum tendency from external forcing
   194 |Vm_Ext  | 45 |   193 |VVR     MR|m/s^2           |V momentum tendency from external forcing
   195 |Um_AdvZ3| 45 |   196 |UUR     MR|m/s^2           |U momentum tendency from Vorticity Advection
   196 |Vm_AdvZ3| 45 |   195 |VVR     MR|m/s^2           |V momentum tendency from Vorticity Advection
   197 |Um_AdvRe| 45 |   198 |UUR     MR|m/s^2           |U momentum tendency from vertical Advection (Explicit part)
   198 |Vm_AdvRe| 45 |   197 |VVR     MR|m/s^2           |V momentum tendency from vertical Advection (Explicit part)
   199 |botTauX |  1 |   200 |UU      U1|N/m^2           |zonal bottom stress, >0 increases uVel
------------------------------------------------------------------------------------
  Num  |<-Name->|Levs|  mate |<- code ->|<--  Units   -->|<- Tile (max=80c)         
------------------------------------------------------------------------------------
   200 |botTauY |  1 |   199 |VV      U1|N/m^2           |meridional bottom stress, >0 increases vVel
   201 |ADVx_Um | 45 |   202 |UM      MR|m^4/s^2         |Zonal      Advective Flux of U momentum
   202 |ADVy_Um | 45 |   201 |VZ      MR|m^4/s^2         |Meridional Advective Flux of U momentum
   203 |ADVrE_Um| 45 |       |WU      LR|m^4/s^2         |Vertical   Advective Flux of U momentum (Explicit part)
   204 |ADVx_Vm | 45 |   205 |UZ      MR|m^4/s^2         |Zonal      Advective Flux of V momentum
   205 |ADVy_Vm | 45 |   204 |VM      MR|m^4/s^2         |Meridional Advective Flux of V momentum
   206 |ADVrE_Vm| 45 |       |WV      LR|m^4/s^2         |Vertical   Advective Flux of V momentum (Explicit part)
   207 |VISCx_Um| 45 |   208 |UM      MR|m^4/s^2         |Zonal      Viscous Flux of U momentum
   208 |VISCy_Um| 45 |   207 |VZ      MR|m^4/s^2         |Meridional Viscous Flux of U momentum
   209 |VISrE_Um| 45 |       |WU      LR|m^4/s^2         |Vertical   Viscous Flux of U momentum (Explicit part)
   210 |VISrI_Um| 45 |       |WU      LR|m^4/s^2         |Vertical   Viscous Flux of U momentum (Implicit part)
   211 |VISCx_Vm| 45 |   212 |UZ      MR|m^4/s^2         |Zonal      Viscous Flux of V momentum
   212 |VISCy_Vm| 45 |   211 |VM      MR|m^4/s^2         |Meridional Viscous Flux of V momentum
   213 |VISrE_Vm| 45 |       |WV      LR|m^4/s^2         |Vertical   Viscous Flux of V momentum (Explicit part)
   214 |VISrI_Vm| 45 |       |WV      LR|m^4/s^2         |Vertical   Viscous Flux of V momentum (Implicit part)
   215 |GM_VisbK|  1 |       |SM P    M1|m^2/s           |Mixing coefficient from Visbeck etal parameterization
   216 |GM_hTrsL|  1 |       |SM P    M1|m               |Base depth (>0) of the Transition Layer
   217 |GM_baseS|  1 |       |SM P    M1|1               |Slope at the base of the Transition Layer
   218 |GM_rLamb|  1 |       |SM P    M1|1/m             |Slope vertical gradient at Trans. Layer Base (=recip.Lambda)
   219 |SubMesLf|  1 |       |SM P    M1|m               |Sub-Meso horiz. Length Scale (Lf)
   220 |SubMpsiX|  1 |   221 |UU      M1|m^2/s           |Sub-Meso transp.stream-funct. magnitude (Psi0): U component
   221 |SubMpsiY|  1 |   220 |VV      M1|m^2/s           |Sub-Meso transp.stream-funct. magnitude (Psi0): V component
   222 |GM_Kux  | 45 |   223 |UU P    MR|m^2/s           |K_11 element (U.point, X.dir) of GM-Redi tensor
   223 |GM_Kvy  | 45 |   222 |VV P    MR|m^2/s           |K_22 element (V.point, Y.dir) of GM-Redi tensor
   224 |GM_Kuz  | 45 |   225 |UU      MR|m^2/s           |K_13 element (U.point, Z.dir) of GM-Redi tensor
   225 |GM_Kvz  | 45 |   224 |VV      MR|m^2/s           |K_23 element (V.point, Z.dir) of GM-Redi tensor
   226 |GM_Kwx  | 45 |   227 |UM      LR|m^2/s           |K_31 element (W.point, X.dir) of GM-Redi tensor
   227 |GM_Kwy  | 45 |   226 |VM      LR|m^2/s           |K_32 element (W.point, Y.dir) of GM-Redi tensor
   228 |GM_Kwz  | 45 |       |WM P    LR|m^2/s           |K_33 element (W.point, Z.dir) of GM-Redi tensor
   229 |GM_PsiX | 45 |   230 |UU      LR|m^2/s           |GM Bolus transport stream-function : U component
   230 |GM_PsiY | 45 |   229 |VV      LR|m^2/s           |GM Bolus transport stream-function : V component
   231 |GM_KuzTz| 45 |   232 |UU      MR|degC.m^3/s      |Redi Off-diagonal Temperature flux: X component
   232 |GM_KvzTz| 45 |   231 |VV      MR|degC.m^3/s      |Redi Off-diagonal Temperature flux: Y component
   233 |GM_KwzTz| 45 |       |WM      LR|degC.m^3/s      |Redi main-diagonal vertical Temperature flux
   234 |GM_ubT  | 45 |   235 |UUr     MR|degC.m^3/s      |Zonal Mass-Weight Bolus Transp of Pot Temp
   235 |GM_vbT  | 45 |   234 |VVr     MR|degC.m^3/s      |Meridional Mass-Weight Bolus Transp of Pot Temp
   236 |GMEdTauX| 45 |   237 |UM      LR|N/m^2           |eddy-induced stress X-comp.
   237 |GMEdTauY| 45 |   236 |VM      LR|N/m^2           |eddy-induced stress Y-comp.
   238 |GM_BVPcW|  1 |   239 |SU P    M1|m/s             |WKB wave speed (at Western edge location)
   239 |GM_BVPcS|  1 |   238 |SV P    M1|m/s             |WKB wave speed (at Southern edge location)
------------------------------------------------------------------------------------
  Num  |<-Name->|Levs|  mate |<- code ->|<--  Units   -->|<- Tile (max=80c)         
------------------------------------------------------------------------------------
